This is pdfTeX, Version 3.141592653-2.6-1.40.25 (MiKTeX 23.10) (preloaded format=pdflatex 2023.10.21)  27 OCT 2023 17:32
entering extended mode
 restricted \write18 enabled.
 %&-line parsing enabled.
**./functionality.tex
(functionality.tex
LaTeX2e <2023-06-01> patch level 1
L3 programming layer <2023-08-29>

(C:\Users\Ashma Sandeepa\AppData\Local\Programs\MiKTeX\tex/latex/base\article.c
ls
Document Class: article 2023/05/17 v1.4n Standard LaTeX document class

(C:\Users\Ashma Sandeepa\AppData\Local\Programs\MiKTeX\tex/latex/base\size10.cl
o
File: size10.clo 2023/05/17 v1.4n Standard LaTeX file (size option)
)
\c@part=\count185
\c@section=\count186
\c@subsection=\count187
\c@subsubsection=\count188
\c@paragraph=\count189
\c@subparagraph=\count190
\c@figure=\count191
\c@table=\count192
\abovecaptionskip=\skip48
\belowcaptionskip=\skip49
\bibindent=\dimen140
)
(C:\Users\Ashma Sandeepa\AppData\Local\Programs\MiKTeX\tex/latex/base\fontenc.s
ty
Package: fontenc 2021/04/29 v2.0v Standard LaTeX package
)
(C:\Users\Ashma Sandeepa\AppData\Local\Programs\MiKTeX\tex/generic/babel\babel.
sty
Package: babel 2023/09/29 v3.95 The Babel package
\babel@savecnt=\count193
\U@D=\dimen141
\l@unhyphenated=\language79

(C:\Users\Ashma Sandeepa\AppData\Local\Programs\MiKTeX\tex/generic/babel\txtbab
el.def)
\bbl@readstream=\read2
\bbl@dirlevel=\count194

*************************************
* Local config file bblopts.cfg used
*

(C:\Users\Ashma Sandeepa\AppData\Local\Programs\MiKTeX\tex/latex/arabi\bblopts.
cfg
File: bblopts.cfg 2005/09/08 v0.1 add Arabic and Farsi to "declared" options of
 babel
)
(C:\Users\Ashma Sandeepa\AppData\Local\Programs\MiKTeX\tex/latex/babel-english\
english.ldf
Language: english 2017/06/06 v3.3r English support from the babel system
Package babel Info: Hyphen rules for 'canadian' set to \l@english
(babel)             (\language0). Reported on input line 102.
Package babel Info: Hyphen rules for 'australian' set to \l@ukenglish
(babel)             (\language73). Reported on input line 105.
Package babel Info: Hyphen rules for 'newzealand' set to \l@ukenglish
(babel)             (\language73). Reported on input line 108.
))
(C:\Users\Ashma Sandeepa\AppData\Local\Programs\MiKTeX\tex/generic/babel/locale
/en\babel-english.tex
Package babel Info: Importing font and identification data for english
(babel)             from babel-en.ini. Reported on input line 11.
)
(C:\Users\Ashma Sandeepa\AppData\Local\Programs\MiKTeX\tex/latex/l3backend\l3ba
ckend-pdftex.def
File: l3backend-pdftex.def 2023-04-19 L3 backend support: PDF output (pdfTeX)
\l__color_backend_stack_int=\count195
\l__pdf_internal_box=\box51
) (functionality.aux)
\openout1 = `functionality.aux'.

LaTeX Font Info:    Checking defaults for OML/cmm/m/it on input line 6.
LaTeX Font Info:    ... okay on input line 6.
LaTeX Font Info:    Checking defaults for OMS/cmsy/m/n on input line 6.
LaTeX Font Info:    ... okay on input line 6.
LaTeX Font Info:    Checking defaults for OT1/cmr/m/n on input line 6.
LaTeX Font Info:    ... okay on input line 6.
LaTeX Font Info:    Checking defaults for T1/cmr/m/n on input line 6.
LaTeX Font Info:    ... okay on input line 6.
LaTeX Font Info:    Checking defaults for TS1/cmr/m/n on input line 6.
LaTeX Font Info:    ... okay on input line 6.
LaTeX Font Info:    Checking defaults for OMX/cmex/m/n on input line 6.
LaTeX Font Info:    ... okay on input line 6.
LaTeX Font Info:    Checking defaults for U/cmr/m/n on input line 6.
LaTeX Font Info:    ... okay on input line 6.
LaTeX Font Info:    External font `cmex10' loaded for size
(Font)              <12> on input line 7.
LaTeX Font Info:    External font `cmex10' loaded for size
(Font)              <8> on input line 7.
LaTeX Font Info:    External font `cmex10' loaded for size
(Font)              <6> on input line 7.

Overfull \hbox (5.9704pt too wide) in paragraph at lines 14--15
\T1/cmr/m/n/12 shop name, con-tact in-for-ma-tion (Ad-dress, Phone Num-ber, Ema
il
 []


Overfull \hbox (2.78078pt too wide) in paragraph at lines 14--15
\T1/cmr/m/n/12 poli-cies (Terms and Con-di-tions, Re-turn Pol-icy), in-ven-tory
 quan-
 []


Overfull \hbox (1.14522pt too wide) in paragraph at lines 22--23
\T1/cmr/m/n/12 Range, Lo-ca-tion/Distance, Lan-guage as a fil-ter to bet-ter se
arch. 
 []

[1

{C:/Users/Ashma Sandeepa/AppData/Local/MiKTeX/fonts/map/pdftex/pdftex.map}]
Overfull \hbox (1.84918pt too wide) in paragraph at lines 60--61
[]\T1/cmr/m/n/12 Search and Rec-om-men-da-tions API (Al-go-lia, Elas-tic-search
): En-
 []

[2] [3] (functionality.aux)
 ***********
LaTeX2e <2023-06-01> patch level 1
L3 programming layer <2023-08-29>
 ***********
 ) 
Here is how much of TeX's memory you used:
 1733 strings out of 475248
 30557 string characters out of 5753528
 1924785 words of memory out of 5000000
 23300 multiletter control sequences out of 15000+600000
 565756 words of font info for 52 fonts, out of 8000000 for 9000
 1141 hyphenation exceptions out of 8191
 43i,6n,54p,395b,197s stack positions out of 10000i,1000n,20000p,200000b,200000s
 <C:\Users\Ashma Sandeepa\AppData\Local\MiKTeX\fonts/pk/ljfour/jknappen/ec/dp
i600\ecrm1000.pk> <C:\Users\Ashma Sandeepa\AppData\Local\MiKTeX\fonts/pk/ljfour
/jknappen/ec/dpi600\tcrm1200.pk> <C:\Users\Ashma Sandeepa\AppData\Local\MiKTeX\
fonts/pk/ljfour/jknappen/ec/dpi600\ecbx1200.pk> <C:\Users\Ashma Sandeepa\AppDat
a\Local\MiKTeX\fonts/pk/ljfour/jknappen/ec/dpi600\ecbx1440.pk> <C:\Users\Ashma 
Sandeepa\AppData\Local\MiKTeX\fonts/pk/ljfour/jknappen/ec/dpi600\ecrm1200.pk> <
C:\Users\Ashma Sandeepa\AppData\Local\MiKTeX\fonts/pk/ljfour/jknappen/ec/dpi600
\ecrm1728.pk>
Output written on functionality.pdf (3 pages, 60055 bytes).
PDF statistics:
 190 PDF objects out of 1000 (max. 8388607)
 0 named destinations out of 1000 (max. 500000)
 1 words of extra memory for PDF output out of 10000 (max. 10000000)

